2025-04-18 22:10:49,437 - INFO - [graphql_main.py:102] - fetch_imovirtual_data() - Starting data collection for 18 districts
2025-04-18 22:10:51,778 - INFO - [graphql_main.py:62] - fetch_district_data() - Successfully processed ID braganca/alfandega-da-fe with 1 pages
2025-04-18 22:10:51,787 - INFO - [graphql_main.py:62] - fetch_district_data() - Successfully processed ID braga/amares with 1 pages
2025-04-18 22:10:51,887 - INFO - [graphql_main.py:62] - fetch_district_data() - Successfully processed ID aveiro/agueda with 1 pages
2025-04-18 22:10:51,904 - INFO - [graphql_main.py:62] - fetch_district_data() - Successfully processed ID beja/aljustrel with 0 pages
2025-04-18 22:10:54,084 - INFO - [graphql_main.py:62] - fetch_district_data() - Successfully processed ID braganca/alfandega-da-fe/agrobom-saldonha-e-vale-pereiro with 0 pages
2025-04-18 22:10:54,134 - INFO - [graphql_main.py:62] - fetch_district_data() - Successfully processed ID braga/amares/amares-e-figueiredo with 0 pages
2025-04-18 22:10:54,199 - INFO - [graphql_main.py:62] - fetch_district_data() - Successfully processed ID beja/aljustrel/aljustrel-e-rio-de-moinhos with 0 pages
2025-04-18 22:10:54,222 - INFO - [graphql_main.py:62] - fetch_district_data() - Successfully processed ID aveiro/agueda/aguada-de-cima with 0 pages
2025-04-18 22:10:56,400 - INFO - [graphql_main.py:62] - fetch_district_data() - Successfully processed ID braga/amares/barreiros with 0 pages
2025-04-18 22:10:56,473 - INFO - [graphql_main.py:62] - fetch_district_data() - Successfully processed ID braganca/alfandega-da-fe/alfandega-da-fe with 1 pages
2025-04-18 22:10:56,554 - INFO - [graphql_main.py:62] - fetch_district_data() - Successfully processed ID aveiro/agueda/agueda-e-borralha with 1 pages
2025-04-18 22:10:56,581 - INFO - [graphql_main.py:62] - fetch_district_data() - Successfully processed ID beja/aljustrel/ervidel with 0 pages
2025-04-18 22:10:58,707 - INFO - [graphql_main.py:62] - fetch_district_data() - Successfully processed ID braga/amares/bico with 0 pages
2025-04-18 22:10:58,867 - INFO - [graphql_main.py:62] - fetch_district_data() - Successfully processed ID beja/aljustrel/messejana with 0 pages
2025-04-18 22:10:58,881 - INFO - [graphql_main.py:62] - fetch_district_data() - Successfully processed ID aveiro/agueda/barro-e-aguada-de-baixo with 0 pages
2025-04-18 22:10:58,934 - INFO - [graphql_main.py:62] - fetch_district_data() - Successfully processed ID braganca/alfandega-da-fe/cerejais with 0 pages
2025-04-18 22:11:01,003 - INFO - [graphql_main.py:62] - fetch_district_data() - Successfully processed ID braga/amares/bouro-santa-maria- with 0 pages
2025-04-18 22:11:01,169 - INFO - [graphql_main.py:62] - fetch_district_data() - Successfully processed ID beja/aljustrel/sao-joao-de-negrilhos with 0 pages
2025-04-18 22:11:01,208 - INFO - [graphql_main.py:62] - fetch_district_data() - Successfully processed ID aveiro/agueda/belazaima-do-chao-castanheira-do-vouga-e-agadao with 0 pages
2025-04-18 22:11:01,259 - INFO - [graphql_main.py:62] - fetch_district_data() - Successfully processed ID braganca/alfandega-da-fe/eucisia-gouveia-e-valverde with 0 pages
2025-04-18 22:11:03,303 - INFO - [graphql_main.py:62] - fetch_district_data() - Successfully processed ID braga/amares/bouro-santa-marta- with 0 pages
2025-04-18 22:11:03,423 - INFO - [graphql_main.py:62] - fetch_district_data() - Successfully processed ID beja/almodovar with 0 pages
2025-04-18 22:11:03,492 - INFO - [graphql_main.py:62] - fetch_district_data() - Successfully processed ID aveiro/agueda/fermentelos with 0 pages
2025-04-18 22:11:03,585 - INFO - [graphql_main.py:62] - fetch_district_data() - Successfully processed ID braganca/alfandega-da-fe/ferradosa-e-sendim-da-serra with 0 pages
2025-04-18 22:11:05,614 - INFO - [graphql_main.py:62] - fetch_district_data() - Successfully processed ID braga/amares/caires with 0 pages
2025-04-18 22:11:05,776 - INFO - [graphql_main.py:62] - fetch_district_data() - Successfully processed ID beja/almodovar/aldeia-dos-fernandes with 0 pages
2025-04-18 22:11:05,819 - INFO - [graphql_main.py:62] - fetch_district_data() - Successfully processed ID aveiro/agueda/macinhata-do-vouga with 1 pages
2025-04-18 22:11:05,924 - INFO - [graphql_main.py:62] - fetch_district_data() - Successfully processed ID braganca/alfandega-da-fe/gebelim-e-soeima with 0 pages
2025-04-18 22:11:07,914 - INFO - [graphql_main.py:62] - fetch_district_data() - Successfully processed ID braga/amares/caldelas-sequeiros-e-paranhos with 0 pages
2025-04-18 22:11:08,027 - INFO - [graphql_main.py:62] - fetch_district_data() - Successfully processed ID beja/almodovar/almodovar-e-graca-dos-padroes with 0 pages
2025-04-18 22:11:08,132 - INFO - [graphql_main.py:62] - fetch_district_data() - Successfully processed ID aveiro/agueda/prestimo-e-macieira-de-alcoba with 0 pages
2025-04-18 22:11:08,187 - INFO - [graphql_main.py:62] - fetch_district_data() - Successfully processed ID braganca/alfandega-da-fe/parada-e-sendim-da-ribeira with 0 pages
2025-04-18 22:11:10,361 - INFO - [graphql_main.py:62] - fetch_district_data() - Successfully processed ID beja/almodovar/rosario with 0 pages
2025-04-18 22:11:10,436 - INFO - [graphql_main.py:62] - fetch_district_data() - Successfully processed ID aveiro/agueda/recardaes-e-espinhel with 1 pages
2025-04-18 22:11:10,465 - INFO - [graphql_main.py:62] - fetch_district_data() - Successfully processed ID braganca/alfandega-da-fe/pombal-e-vales with 0 pages
2025-04-18 22:11:10,551 - INFO - [graphql_main.py:62] - fetch_district_data() - Successfully processed ID braga/amares/carrazedo with 0 pages
2025-04-18 22:11:12,709 - INFO - [graphql_main.py:62] - fetch_district_data() - Successfully processed ID beja/almodovar/santa-clara-a-nova-e-gomes-aires with 0 pages
2025-04-18 22:11:12,744 - INFO - [graphql_main.py:62] - fetch_district_data() - Successfully processed ID aveiro/agueda/travasso-e-ois-da-ribeira with 0 pages
2025-04-18 22:11:12,760 - INFO - [graphql_main.py:62] - fetch_district_data() - Successfully processed ID braganca/alfandega-da-fe/sambade with 0 pages
2025-04-18 22:11:12,895 - INFO - [graphql_main.py:62] - fetch_district_data() - Successfully processed ID braga/amares/dornelas with 0 pages
2025-04-18 22:11:14,985 - INFO - [graphql_main.py:62] - fetch_district_data() - Successfully processed ID beja/almodovar/santa-cruz with 0 pages
2025-04-18 22:11:15,027 - INFO - [graphql_main.py:62] - fetch_district_data() - Successfully processed ID braganca/alfandega-da-fe/vilar-chao with 0 pages
2025-04-18 22:11:15,058 - INFO - [graphql_main.py:62] - fetch_district_data() - Successfully processed ID aveiro/agueda/trofa-segadaes-e-lamas-do-vouga with 0 pages
2025-04-18 22:11:15,181 - INFO - [graphql_main.py:62] - fetch_district_data() - Successfully processed ID braga/amares/ferreiros-prozelo-e-besteiros with 1 pages
2025-04-18 22:11:17,288 - INFO - [graphql_main.py:62] - fetch_district_data() - Successfully processed ID braganca/alfandega-da-fe/vilarelhos with 0 pages
2025-04-18 22:11:17,333 - INFO - [graphql_main.py:62] - fetch_district_data() - Successfully processed ID beja/almodovar/sao-barnabe with 0 pages
2025-04-18 22:11:17,411 - INFO - [graphql_main.py:62] - fetch_district_data() - Successfully processed ID aveiro/agueda/valongo-do-vouga with 0 pages
2025-04-18 22:11:17,486 - INFO - [graphql_main.py:62] - fetch_district_data() - Successfully processed ID braga/amares/fiscal with 0 pages
2025-04-18 22:11:19,568 - INFO - [graphql_main.py:62] - fetch_district_data() - Successfully processed ID braganca/alfandega-da-fe/vilares-de-vilarica with 0 pages
2025-04-18 22:11:19,638 - INFO - [graphql_main.py:62] - fetch_district_data() - Successfully processed ID beja/beja with 1 pages
2025-04-18 22:11:19,697 - INFO - [graphql_main.py:62] - fetch_district_data() - Successfully processed ID aveiro/albergaria-a-velha with 1 pages
2025-04-18 22:11:19,779 - INFO - [graphql_main.py:62] - fetch_district_data() - Successfully processed ID braga/amares/goaes with 0 pages
2025-04-18 22:11:21,867 - INFO - [graphql_main.py:62] - fetch_district_data() - Successfully processed ID braganca/braganca with 1 pages
2025-04-18 22:11:21,898 - INFO - [graphql_main.py:62] - fetch_district_data() - Successfully processed ID beja/beja/albernoa-e-trindade with 0 pages
2025-04-18 22:11:22,035 - INFO - [graphql_main.py:62] - fetch_district_data() - Successfully processed ID aveiro/albergaria-a-velha/albergaria-a-velha-e-valmaior with 1 pages
2025-04-18 22:11:22,092 - INFO - [graphql_main.py:62] - fetch_district_data() - Successfully processed ID braga/amares/lago with 1 pages
2025-04-18 22:11:24,108 - INFO - [graphql_main.py:62] - fetch_district_data() - Successfully processed ID braganca/braganca/alfaiao with 0 pages
2025-04-18 22:11:24,390 - INFO - [graphql_main.py:62] - fetch_district_data() - Successfully processed ID aveiro/albergaria-a-velha/alquerubim with 0 pages
2025-04-18 22:11:24,510 - INFO - [graphql_main.py:62] - fetch_district_data() - Successfully processed ID braga/amares/rendufe with 0 pages
2025-04-18 22:11:24,579 - INFO - [graphql_main.py:62] - fetch_district_data() - Successfully processed ID beja/beja/baleizao with 0 pages
2025-04-18 22:11:26,431 - INFO - [graphql_main.py:62] - fetch_district_data() - Successfully processed ID braganca/braganca/aveleda-e-rio-de-onor with 0 pages
2025-04-18 22:11:26,686 - INFO - [graphql_main.py:62] - fetch_district_data() - Successfully processed ID aveiro/albergaria-a-velha/angeja with 0 pages
2025-04-18 22:11:26,788 - INFO - [graphql_main.py:62] - fetch_district_data() - Successfully processed ID braga/amares/torre-e-portela with 0 pages
2025-04-18 22:11:26,864 - INFO - [graphql_main.py:62] - fetch_district_data() - Successfully processed ID beja/beja/beja-salvador-e-santa-maria-da-feira- with 1 pages
2025-04-18 22:11:28,812 - INFO - [graphql_main.py:62] - fetch_district_data() - Successfully processed ID braganca/braganca/babe with 0 pages
2025-04-18 22:11:29,024 - INFO - [graphql_main.py:62] - fetch_district_data() - Successfully processed ID aveiro/albergaria-a-velha/branca with 0 pages
2025-04-18 22:11:29,144 - INFO - [graphql_main.py:62] - fetch_district_data() - Successfully processed ID braga/amares/vilela-seramil-e-paredes-secas with 0 pages
2025-04-18 22:11:29,185 - INFO - [graphql_main.py:62] - fetch_district_data() - Successfully processed ID beja/beja/beja-santiago-maior-e-sao-joao-baptista- with 1 pages
2025-04-18 22:11:31,132 - INFO - [graphql_main.py:62] - fetch_district_data() - Successfully processed ID braganca/braganca/bacal with 0 pages
2025-04-18 22:11:31,345 - INFO - [graphql_main.py:62] - fetch_district_data() - Successfully processed ID aveiro/albergaria-a-velha/ribeira-de-fraguas with 0 pages
2025-04-18 22:11:31,513 - INFO - [graphql_main.py:62] - fetch_district_data() - Successfully processed ID braga/barcelos with 1 pages
2025-04-18 22:11:31,561 - INFO - [graphql_main.py:62] - fetch_district_data() - Successfully processed ID beja/beja/beringel with 0 pages
2025-04-18 22:11:33,468 - INFO - [graphql_main.py:62] - fetch_district_data() - Successfully processed ID braganca/braganca/carragosa with 0 pages
2025-04-18 22:11:33,713 - INFO - [graphql_main.py:62] - fetch_district_data() - Successfully processed ID aveiro/albergaria-a-velha/sao-joao-de-loure-e-frossos with 1 pages
2025-04-18 22:11:33,856 - INFO - [graphql_main.py:62] - fetch_district_data() - Successfully processed ID braga/barcelos/abade-de-neiva with 0 pages
2025-04-18 22:11:33,913 - INFO - [graphql_main.py:62] - fetch_district_data() - Successfully processed ID beja/beja/cabeca-gorda with 0 pages
2025-04-18 22:11:35,777 - INFO - [graphql_main.py:62] - fetch_district_data() - Successfully processed ID braganca/braganca/castrelos-e-carrazedo with 0 pages
2025-04-18 22:11:36,054 - INFO - [graphql_main.py:62] - fetch_district_data() - Successfully processed ID aveiro/anadia with 1 pages
2025-04-18 22:11:36,233 - INFO - [graphql_main.py:62] - fetch_district_data() - Successfully processed ID beja/beja/nossa-senhora-das-neves with 0 pages
2025-04-18 22:11:36,267 - INFO - [graphql_main.py:62] - fetch_district_data() - Successfully processed ID braga/barcelos/aborim with 0 pages
2025-04-18 22:11:38,140 - INFO - [graphql_main.py:62] - fetch_district_data() - Successfully processed ID braganca/braganca/castro-de-avelas with 1 pages
2025-04-18 22:11:38,543 - INFO - [graphql_main.py:62] - fetch_district_data() - Successfully processed ID aveiro/anadia/amoreira-da-gandara-paredes-do-bairro-e-ancas with 0 pages
2025-04-18 22:11:38,584 - INFO - [graphql_main.py:62] - fetch_district_data() - Successfully processed ID braga/barcelos/adaes with 1 pages
2025-04-18 22:11:38,588 - INFO - [graphql_main.py:62] - fetch_district_data() - Successfully processed ID beja/beja/salvada-e-quintos with 0 pages
2025-04-18 22:11:40,474 - INFO - [graphql_main.py:62] - fetch_district_data() - Successfully processed ID braganca/braganca/coelhoso with 0 pages
2025-04-18 22:11:40,885 - INFO - [graphql_main.py:62] - fetch_district_data() - Successfully processed ID braga/barcelos/airo with 0 pages
2025-04-18 22:11:40,904 - INFO - [graphql_main.py:62] - fetch_district_data() - Successfully processed ID aveiro/anadia/arcos-e-mogofores with 1 pages
2025-04-18 22:11:40,929 - INFO - [graphql_main.py:62] - fetch_district_data() - Successfully processed ID beja/beja/santa-clara-de-louredo with 0 pages
2025-04-18 22:11:42,788 - INFO - [graphql_main.py:62] - fetch_district_data() - Successfully processed ID braganca/braganca/donai with 0 pages
2025-04-18 22:11:43,240 - INFO - [graphql_main.py:62] - fetch_district_data() - Successfully processed ID braga/barcelos/aldreu with 0 pages
2025-04-18 22:11:43,290 - INFO - [graphql_main.py:62] - fetch_district_data() - Successfully processed ID aveiro/anadia/avelas-de-caminho with 0 pages
2025-04-18 22:11:43,324 - INFO - [graphql_main.py:62] - fetch_district_data() - Successfully processed ID beja/beja/santa-vitoria-e-mombeja with 0 pages
2025-04-18 22:11:45,135 - INFO - [graphql_main.py:62] - fetch_district_data() - Successfully processed ID braganca/braganca/espinhosela with 0 pages
2025-04-18 22:11:45,584 - INFO - [graphql_main.py:62] - fetch_district_data() - Successfully processed ID braga/barcelos/alheira-e-igreja-nova with 0 pages
2025-04-18 22:11:45,661 - INFO - [graphql_main.py:62] - fetch_district_data() - Successfully processed ID beja/beja/sao-matias with 0 pages
2025-04-18 22:11:45,662 - INFO - [graphql_main.py:62] - fetch_district_data() - Successfully processed ID aveiro/anadia/avelas-de-cima with 0 pages
2025-04-18 22:11:47,523 - INFO - [graphql_main.py:62] - fetch_district_data() - Successfully processed ID braganca/braganca/franca with 0 pages
2025-04-18 22:11:47,935 - INFO - [graphql_main.py:62] - fetch_district_data() - Successfully processed ID braga/barcelos/alvelos with 0 pages
2025-04-18 22:11:48,003 - INFO - [graphql_main.py:62] - fetch_district_data() - Successfully processed ID beja/beja/trigaches-e-sao-brissos with 0 pages
2025-04-18 22:11:48,077 - INFO - [graphql_main.py:62] - fetch_district_data() - Successfully processed ID aveiro/anadia/moita with 0 pages
2025-04-18 22:11:49,827 - INFO - [graphql_main.py:62] - fetch_district_data() - Successfully processed ID braganca/braganca/gimonde with 0 pages
2025-04-18 22:11:50,282 - INFO - [graphql_main.py:62] - fetch_district_data() - Successfully processed ID braga/barcelos/alvito-sao-pedro-e-sao-martinho-e-couto with 0 pages
2025-04-18 22:11:50,373 - INFO - [graphql_main.py:62] - fetch_district_data() - Successfully processed ID beja/castro-verde with 0 pages
2025-04-18 22:11:50,470 - INFO - [graphql_main.py:62] - fetch_district_data() - Successfully processed ID aveiro/anadia/sangalhos with 1 pages
2025-04-18 22:11:52,145 - INFO - [graphql_main.py:62] - fetch_district_data() - Successfully processed ID braganca/braganca/gondesende with 0 pages
2025-04-18 22:11:52,593 - INFO - [graphql_main.py:62] - fetch_district_data() - Successfully processed ID braga/barcelos/arcozelo with 1 pages
2025-04-18 22:11:52,702 - INFO - [graphql_main.py:62] - fetch_district_data() - Successfully processed ID beja/castro-verde/castro-verde-e-casevel with 0 pages
2025-04-18 22:11:52,958 - INFO - [graphql_main.py:62] - fetch_district_data() - Successfully processed ID aveiro/anadia/sao-lourenco-do-bairro with 0 pages
2025-04-18 22:11:54,471 - INFO - [graphql_main.py:62] - fetch_district_data() - Successfully processed ID braganca/braganca/gostei with 0 pages
2025-04-18 22:11:54,934 - INFO - [graphql_main.py:62] - fetch_district_data() - Successfully processed ID braga/barcelos/areias with 0 pages
2025-04-18 22:11:55,014 - INFO - [graphql_main.py:62] - fetch_district_data() - Successfully processed ID beja/castro-verde/entradas with 0 pages
2025-04-18 22:11:55,361 - INFO - [graphql_main.py:62] - fetch_district_data() - Successfully processed ID aveiro/anadia/tamengos-aguim-e-ois-do-bairro with 0 pages
2025-04-18 22:11:56,812 - INFO - [graphql_main.py:62] - fetch_district_data() - Successfully processed ID braganca/braganca/grijo-de-parada with 0 pages
2025-04-18 22:11:57,257 - INFO - [graphql_main.py:62] - fetch_district_data() - Successfully processed ID braga/barcelos/areias-de-vilar-e-encourados with 0 pages
2025-04-18 22:11:57,341 - INFO - [graphql_main.py:62] - fetch_district_data() - Successfully processed ID beja/castro-verde/santa-barbara-de-padroes with 0 pages
2025-04-18 22:11:57,875 - INFO - [graphql_main.py:62] - fetch_district_data() - Successfully processed ID aveiro/anadia/vila-nova-de-monsarros with 0 pages
2025-04-18 22:11:59,212 - INFO - [graphql_main.py:62] - fetch_district_data() - Successfully processed ID braganca/braganca/izeda-calvelhe-e-paradinha-nova with 0 pages
2025-04-18 22:11:59,653 - INFO - [graphql_main.py:62] - fetch_district_data() - Successfully processed ID beja/castro-verde/sao-marcos-da-ataboeira with 0 pages
2025-04-18 22:11:59,689 - INFO - [graphql_main.py:62] - fetch_district_data() - Successfully processed ID braga/barcelos/balugaes with 0 pages
2025-04-18 22:12:00,242 - INFO - [graphql_main.py:62] - fetch_district_data() - Successfully processed ID aveiro/anadia/vilarinho-do-bairro with 0 pages
2025-04-18 22:12:01,564 - INFO - [graphql_main.py:62] - fetch_district_data() - Successfully processed ID braganca/braganca/macedo-do-mato with 0 pages
2025-04-18 22:12:01,997 - INFO - [graphql_main.py:62] - fetch_district_data() - Successfully processed ID beja/cuba with 0 pages
2025-04-18 22:12:02,075 - INFO - [graphql_main.py:62] - fetch_district_data() - Successfully processed ID braga/barcelos/barcelinhos with 0 pages
2025-04-18 22:12:02,641 - INFO - [graphql_main.py:62] - fetch_district_data() - Successfully processed ID aveiro/arouca with 0 pages
2025-04-18 22:12:03,902 - INFO - [graphql_main.py:62] - fetch_district_data() - Successfully processed ID braganca/braganca/mos with 0 pages
2025-04-18 22:12:04,457 - INFO - [graphql_main.py:62] - fetch_district_data() - Successfully processed ID beja/cuba/cuba with 0 pages
2025-04-18 22:12:04,469 - INFO - [graphql_main.py:62] - fetch_district_data() - Successfully processed ID braga/barcelos/barcelos-v-boa-v-frescainha with 1 pages
2025-04-18 22:12:05,070 - INFO - [graphql_main.py:62] - fetch_district_data() - Successfully processed ID aveiro/arouca/alvarenga with 0 pages
2025-04-18 22:12:06,246 - INFO - [graphql_main.py:62] - fetch_district_data() - Successfully processed ID braganca/braganca/nogueira with 0 pages
2025-04-18 22:12:06,790 - INFO - [graphql_main.py:62] - fetch_district_data() - Successfully processed ID braga/barcelos/barqueiros with 0 pages
2025-04-18 22:12:06,883 - INFO - [graphql_main.py:62] - fetch_district_data() - Successfully processed ID beja/cuba/faro-do-alentejo with 0 pages
2025-04-18 22:12:07,442 - INFO - [graphql_main.py:62] - fetch_district_data() - Successfully processed ID aveiro/arouca/arouca-e-burgo with 0 pages
2025-04-18 22:12:08,573 - INFO - [graphql_main.py:62] - fetch_district_data() - Successfully processed ID braganca/braganca/outeiro with 0 pages
2025-04-18 22:12:09,102 - INFO - [graphql_main.py:62] - fetch_district_data() - Successfully processed ID braga/barcelos/cambeses with 0 pages
2025-04-18 22:12:09,243 - INFO - [graphql_main.py:62] - fetch_district_data() - Successfully processed ID beja/cuba/vila-alva with 0 pages
2025-04-18 22:12:09,859 - INFO - [graphql_main.py:62] - fetch_district_data() - Successfully processed ID aveiro/arouca/cabreiros-e-albergaria-da-serra with 0 pages
2025-04-18 22:12:10,896 - INFO - [graphql_main.py:62] - fetch_district_data() - Successfully processed ID braganca/braganca/parada-e-failde with 0 pages
2025-04-18 22:12:11,450 - INFO - [graphql_main.py:62] - fetch_district_data() - Successfully processed ID braga/barcelos/campo-e-tamel-sao-pedro-fins- with 0 pages
2025-04-18 22:12:11,581 - INFO - [graphql_main.py:62] - fetch_district_data() - Successfully processed ID beja/cuba/vila-ruiva with 0 pages
2025-04-18 22:12:12,269 - INFO - [graphql_main.py:62] - fetch_district_data() - Successfully processed ID aveiro/arouca/canelas-e-espiunca with 0 pages
2025-04-18 22:12:13,180 - INFO - [graphql_main.py:62] - fetch_district_data() - Successfully processed ID braganca/braganca/paramio with 0 pages
2025-04-18 22:12:13,731 - INFO - [graphql_main.py:62] - fetch_district_data() - Successfully processed ID braga/barcelos/carapecos with 0 pages
2025-04-18 22:12:13,918 - INFO - [graphql_main.py:62] - fetch_district_data() - Successfully processed ID beja/ferreira-do-alentejo with 0 pages
2025-04-18 22:12:14,545 - INFO - [graphql_main.py:62] - fetch_district_data() - Successfully processed ID aveiro/arouca/chave with 0 pages
2025-04-18 22:12:15,472 - INFO - [graphql_main.py:62] - fetch_district_data() - Successfully processed ID braganca/braganca/pinela with 0 pages
2025-04-18 22:12:16,017 - INFO - [graphql_main.py:62] - fetch_district_data() - Successfully processed ID braga/barcelos/carreira-e-fonte-coberta with 0 pages
2025-04-18 22:12:16,219 - INFO - [graphql_main.py:62] - fetch_district_data() - Successfully processed ID beja/ferreira-do-alentejo/alfundao-e-peroguarda with 0 pages
2025-04-18 22:12:16,960 - INFO - [graphql_main.py:62] - fetch_district_data() - Successfully processed ID aveiro/arouca/covelo-de-paivo-e-janarde with 0 pages
2025-04-18 22:12:17,728 - INFO - [graphql_main.py:62] - fetch_district_data() - Successfully processed ID braganca/braganca/quintanilha with 0 pages
2025-04-18 22:12:18,280 - INFO - [graphql_main.py:62] - fetch_district_data() - Successfully processed ID braga/barcelos/carvalhal with 0 pages
2025-04-18 22:12:18,535 - INFO - [graphql_main.py:62] - fetch_district_data() - Successfully processed ID beja/ferreira-do-alentejo/ferreira-do-alentejo-e-canhestros with 0 pages
2025-04-18 22:12:19,228 - INFO - [graphql_main.py:62] - fetch_district_data() - Successfully processed ID aveiro/arouca/escariz with 0 pages
2025-04-18 22:12:20,054 - INFO - [graphql_main.py:62] - fetch_district_data() - Successfully processed ID braganca/braganca/quintela-de-lampacas with 0 pages
2025-04-18 22:12:20,716 - INFO - [graphql_main.py:62] - fetch_district_data() - Successfully processed ID braga/barcelos/carvalhas with 0 pages
2025-04-18 22:12:20,854 - INFO - [graphql_main.py:62] - fetch_district_data() - Successfully processed ID beja/ferreira-do-alentejo/figueira-dos-cavaleiros with 0 pages
2025-04-18 22:12:21,505 - INFO - [graphql_main.py:62] - fetch_district_data() - Successfully processed ID aveiro/arouca/fermedo with 0 pages
2025-04-18 22:12:22,413 - INFO - [graphql_main.py:62] - fetch_district_data() - Successfully processed ID braganca/braganca/rabal with 0 pages
2025-04-18 22:12:22,995 - INFO - [graphql_main.py:62] - fetch_district_data() - Successfully processed ID braga/barcelos/chorente-goios-courel-pedra-furada-e-gueral with 0 pages
2025-04-18 22:12:23,171 - INFO - [graphql_main.py:62] - fetch_district_data() - Successfully processed ID beja/ferreira-do-alentejo/odivelas with 0 pages
2025-04-18 22:12:23,861 - INFO - [graphql_main.py:62] - fetch_district_data() - Successfully processed ID aveiro/arouca/mansores with 0 pages
2025-04-18 22:12:24,741 - INFO - [graphql_main.py:62] - fetch_district_data() - Successfully processed ID braganca/braganca/rebordainhos-e-pombares with 0 pages
2025-04-18 22:12:25,328 - INFO - [graphql_main.py:62] - fetch_district_data() - Successfully processed ID braga/barcelos/cossourado with 0 pages
2025-04-18 22:12:25,462 - INFO - [graphql_main.py:62] - fetch_district_data() - Successfully processed ID beja/mertola with 0 pages
2025-04-18 22:12:26,324 - INFO - [graphql_main.py:62] - fetch_district_data() - Successfully processed ID aveiro/arouca/moldes with 0 pages
2025-04-18 22:12:27,067 - INFO - [graphql_main.py:62] - fetch_district_data() - Successfully processed ID braganca/braganca/rebordaos with 0 pages
2025-04-18 22:12:27,626 - INFO - [graphql_main.py:62] - fetch_district_data() - Successfully processed ID braga/barcelos/creixomil-e-mariz with 0 pages
2025-04-18 22:12:27,816 - INFO - [graphql_main.py:62] - fetch_district_data() - Successfully processed ID beja/mertola/alcaria-ruiva with 0 pages
2025-04-18 22:12:28,639 - INFO - [graphql_main.py:62] - fetch_district_data() - Successfully processed ID aveiro/arouca/rossas with 0 pages
2025-04-18 22:12:29,407 - INFO - [graphql_main.py:62] - fetch_district_data() - Successfully processed ID braganca/braganca/rio-frio-e-milhao with 0 pages
2025-04-18 22:12:29,982 - INFO - [graphql_main.py:62] - fetch_district_data() - Successfully processed ID braga/barcelos/cristelo with 0 pages
2025-04-18 22:12:30,164 - INFO - [graphql_main.py:62] - fetch_district_data() - Successfully processed ID beja/mertola/corte-do-pinto with 0 pages
2025-04-18 22:12:31,004 - INFO - [graphql_main.py:62] - fetch_district_data() - Successfully processed ID aveiro/arouca/santa-eulalia with 0 pages
2025-04-18 22:12:31,717 - INFO - [graphql_main.py:62] - fetch_district_data() - Successfully processed ID braganca/braganca/salsas with 0 pages
2025-04-18 22:12:32,312 - INFO - [graphql_main.py:62] - fetch_district_data() - Successfully processed ID braga/barcelos/durraes-e-tregosa with 0 pages
2025-04-18 22:12:32,519 - INFO - [graphql_main.py:62] - fetch_district_data() - Successfully processed ID beja/mertola/espirito-santo with 0 pages
2025-04-18 22:12:33,350 - INFO - [graphql_main.py:62] - fetch_district_data() - Successfully processed ID aveiro/arouca/sao-miguel-do-mato with 0 pages
2025-04-18 22:12:34,017 - INFO - [graphql_main.py:62] - fetch_district_data() - Successfully processed ID braganca/braganca/samil with 0 pages
2025-04-18 22:12:34,626 - INFO - [graphql_main.py:62] - fetch_district_data() - Successfully processed ID braga/barcelos/fornelos with 0 pages
2025-04-18 22:12:34,887 - INFO - [graphql_main.py:62] - fetch_district_data() - Successfully processed ID beja/mertola/mertola with 0 pages
2025-04-18 22:12:35,694 - INFO - [graphql_main.py:62] - fetch_district_data() - Successfully processed ID aveiro/arouca/tropeco with 0 pages
2025-04-18 22:12:36,401 - INFO - [graphql_main.py:62] - fetch_district_data() - Successfully processed ID braganca/braganca/santa-comba-de-rossas with 0 pages
2025-04-18 22:12:37,057 - INFO - [graphql_main.py:62] - fetch_district_data() - Successfully processed ID braga/barcelos/fragoso with 0 pages
2025-04-18 22:12:37,203 - INFO - [graphql_main.py:62] - fetch_district_data() - Successfully processed ID beja/mertola/santana-de-cambas with 0 pages
2025-04-18 22:12:38,011 - INFO - [graphql_main.py:62] - fetch_district_data() - Successfully processed ID aveiro/arouca/urro with 0 pages
2025-04-18 22:12:38,741 - INFO - [graphql_main.py:62] - fetch_district_data() - Successfully processed ID braganca/braganca/sao-juliao-de-palacios-e-deilao with 0 pages
2025-04-18 22:12:39,416 - INFO - [graphql_main.py:62] - fetch_district_data() - Successfully processed ID braga/barcelos/galegos-santa-maria- with 0 pages
2025-04-18 22:12:39,533 - INFO - [graphql_main.py:62] - fetch_district_data() - Successfully processed ID beja/mertola/sao-joao-dos-caldeireiros with 0 pages
2025-04-18 22:12:40,339 - INFO - [graphql_main.py:62] - fetch_district_data() - Successfully processed ID aveiro/arouca/varzea with 0 pages
2025-04-18 22:12:41,051 - INFO - [graphql_main.py:62] - fetch_district_data() - Successfully processed ID braganca/braganca/sao-pedro-de-sarracenos with 0 pages
2025-04-18 22:12:41,844 - INFO - [graphql_main.py:62] - fetch_district_data() - Successfully processed ID beja/mertola/s-mig-pinheiro-s-pedro-solis-s-sebastiao-dos-carros with 0 pages
2025-04-18 22:12:41,845 - INFO - [graphql_main.py:62] - fetch_district_data() - Successfully processed ID braga/barcelos/galegos-sao-martinho- with 0 pages
2025-04-18 22:12:43,387 - INFO - [graphql_main.py:62] - fetch_district_data() - Successfully processed ID braganca/braganca/sendas with 0 pages
2025-04-18 22:12:44,148 - INFO - [graphql_main.py:62] - fetch_district_data() - Successfully processed ID braga/barcelos/gamil-e-midoes with 0 pages
2025-04-18 22:12:44,234 - INFO - [graphql_main.py:62] - fetch_district_data() - Successfully processed ID beja/moura with 0 pages
2025-04-18 22:12:45,700 - INFO - [graphql_main.py:62] - fetch_district_data() - Successfully processed ID braganca/braganca/serapicos with 0 pages
2025-04-18 22:12:46,460 - INFO - [graphql_main.py:62] - fetch_district_data() - Successfully processed ID braga/barcelos/gilmonde with 0 pages
2025-04-18 22:12:46,576 - INFO - [graphql_main.py:62] - fetch_district_data() - Successfully processed ID beja/moura/amareleja with 0 pages
2025-04-18 22:12:48,036 - INFO - [graphql_main.py:62] - fetch_district_data() - Successfully processed ID braganca/braganca/se-santa-maria-e-meixedo with 1 pages
2025-04-18 22:12:48,800 - INFO - [graphql_main.py:62] - fetch_district_data() - Successfully processed ID braga/barcelos/lama with 0 pages
2025-04-18 22:12:48,949 - INFO - [graphql_main.py:62] - fetch_district_data() - Successfully processed ID beja/moura/povoa-de-sao-miguel with 0 pages
2025-04-18 22:12:50,146 - INFO - [graphql_main.py:62] - fetch_district_data() - Successfully processed ID aveiro/aveiro with 4 pages
2025-04-18 22:12:50,371 - INFO - [graphql_main.py:62] - fetch_district_data() - Successfully processed ID braganca/braganca/sortes with 0 pages
2025-04-18 22:12:51,139 - INFO - [graphql_main.py:62] - fetch_district_data() - Successfully processed ID braga/barcelos/lijo with 1 pages
2025-04-18 22:12:51,355 - INFO - [graphql_main.py:62] - fetch_district_data() - Successfully processed ID beja/moura/safara-e-santo-aleixo-da-restauracao with 0 pages
2025-04-18 22:12:52,502 - INFO - [graphql_main.py:62] - fetch_district_data() - Successfully processed ID aveiro/aveiro/aradas with 1 pages
2025-04-18 22:12:52,738 - INFO - [graphql_main.py:62] - fetch_district_data() - Successfully processed ID braganca/braganca/zoio with 0 pages
2025-04-18 22:12:53,456 - INFO - [graphql_main.py:62] - fetch_district_data() - Successfully processed ID braga/barcelos/macieira-de-rates with 0 pages
2025-04-18 22:12:53,682 - INFO - [graphql_main.py:62] - fetch_district_data() - Successfully processed ID beja/moura/santo-agostinho-e-sao-joao-baptista-e-santo-amador with 0 pages
2025-04-18 22:12:54,846 - INFO - [graphql_main.py:62] - fetch_district_data() - Successfully processed ID aveiro/aveiro/cacia with 1 pages
2025-04-18 22:12:55,093 - INFO - [graphql_main.py:62] - fetch_district_data() - Successfully processed ID braganca/carrazeda-de-ansiaes with 0 pages
2025-04-18 22:12:55,812 - INFO - [graphql_main.py:62] - fetch_district_data() - Successfully processed ID braga/barcelos/manhente with 0 pages
2025-04-18 22:12:56,034 - INFO - [graphql_main.py:62] - fetch_district_data() - Successfully processed ID beja/moura/sobral-da-adica with 0 pages
2025-04-18 22:12:57,249 - INFO - [graphql_main.py:62] - fetch_district_data() - Successfully processed ID aveiro/aveiro/eixo-e-eirol with 1 pages
2025-04-18 22:12:57,445 - INFO - [graphql_main.py:62] - fetch_district_data() - Successfully processed ID braganca/carrazeda-de-ansiaes/amedo-e-zedes with 0 pages
2025-04-18 22:12:58,161 - INFO - [graphql_main.py:62] - fetch_district_data() - Successfully processed ID braga/barcelos/martim with 0 pages
2025-04-18 22:12:58,374 - INFO - [graphql_main.py:62] - fetch_district_data() - Successfully processed ID beja/odemira with 1 pages
2025-04-18 22:12:59,629 - INFO - [graphql_main.py:62] - fetch_district_data() - Successfully processed ID aveiro/aveiro/esgueira with 1 pages
2025-04-18 22:12:59,797 - INFO - [graphql_main.py:62] - fetch_district_data() - Successfully processed ID braganca/carrazeda-de-ansiaes/belver-e-mogo-de-malta with 0 pages
2025-04-18 22:13:00,465 - INFO - [graphql_main.py:62] - fetch_district_data() - Successfully processed ID braga/barcelos/milhazes-vilar-de-figos-e-faria with 0 pages
2025-04-18 22:13:00,714 - INFO - [graphql_main.py:62] - fetch_district_data() - Successfully processed ID beja/odemira/boavista-dos-pinheiros with 0 pages
2025-04-18 22:13:02,154 - INFO - [graphql_main.py:62] - fetch_district_data() - Successfully processed ID braganca/carrazeda-de-ansiaes/carrazeda-de-ansiaes with 0 pages
2025-04-18 22:13:02,781 - INFO - [graphql_main.py:62] - fetch_district_data() - Successfully processed ID braga/barcelos/moure with 0 pages
2025-04-18 22:13:02,988 - INFO - [graphql_main.py:62] - fetch_district_data() - Successfully processed ID beja/odemira/colos with 0 pages
2025-04-18 22:13:04,442 - INFO - [graphql_main.py:62] - fetch_district_data() - Successfully processed ID braganca/carrazeda-de-ansiaes/castanheiro-do-norte-e-ribalonga with 0 pages
2025-04-18 22:13:05,125 - INFO - [graphql_main.py:62] - fetch_district_data() - Successfully processed ID braga/barcelos/negreiros-e-chavao with 0 pages
2025-04-18 22:13:05,235 - INFO - [graphql_main.py:62] - fetch_district_data() - Successfully processed ID beja/odemira/longueira-almograve with 0 pages
2025-04-18 22:13:06,734 - INFO - [graphql_main.py:62] - fetch_district_data() - Successfully processed ID aveiro/aveiro/gloria-e-vera-cruz with 3 pages
2025-04-18 22:13:06,752 - INFO - [graphql_main.py:62] - fetch_district_data() - Successfully processed ID braganca/carrazeda-de-ansiaes/fonte-longa with 0 pages
2025-04-18 22:13:07,433 - INFO - [graphql_main.py:62] - fetch_district_data() - Successfully processed ID braga/barcelos/oliveira with 0 pages
2025-04-18 22:13:07,599 - INFO - [graphql_main.py:62] - fetch_district_data() - Successfully processed ID beja/odemira/luzianes-gare with 0 pages
2025-04-18 22:13:09,002 - INFO - [graphql_main.py:62] - fetch_district_data() - Successfully processed ID aveiro/aveiro/oliveirinha with 0 pages
2025-04-18 22:13:09,063 - INFO - [graphql_main.py:62] - fetch_district_data() - Successfully processed ID braganca/carrazeda-de-ansiaes/lavandeira-beira-grande-e-selores with 0 pages
2025-04-18 22:13:09,732 - INFO - [graphql_main.py:62] - fetch_district_data() - Successfully processed ID braga/barcelos/palme with 0 pages
2025-04-18 22:13:10,001 - INFO - [graphql_main.py:62] - fetch_district_data() - Successfully processed ID beja/odemira/reliquias with 0 pages
2025-04-18 22:13:11,325 - INFO - [graphql_main.py:62] - fetch_district_data() - Successfully processed ID aveiro/aveiro/requeixo-nossa-senhora-de-fatima-e-nariz with 0 pages
2025-04-18 22:13:11,361 - INFO - [graphql_main.py:62] - fetch_district_data() - Successfully processed ID braganca/carrazeda-de-ansiaes/linhares with 0 pages
2025-04-18 22:13:12,003 - INFO - [graphql_main.py:62] - fetch_district_data() - Successfully processed ID braga/barcelos/panque with 0 pages
2025-04-18 22:13:12,278 - INFO - [graphql_main.py:62] - fetch_district_data() - Successfully processed ID beja/odemira/saboia with 0 pages
2025-04-18 22:13:13,597 - INFO - [graphql_main.py:62] - fetch_district_data() - Successfully processed ID aveiro/aveiro/santa-joana with 1 pages
2025-04-18 22:13:13,636 - INFO - [graphql_main.py:62] - fetch_district_data() - Successfully processed ID braganca/carrazeda-de-ansiaes/marzagao with 0 pages
2025-04-18 22:13:14,254 - INFO - [graphql_main.py:62] - fetch_district_data() - Successfully processed ID braga/barcelos/paradela with 0 pages
2025-04-18 22:13:14,593 - INFO - [graphql_main.py:62] - fetch_district_data() - Successfully processed ID beja/odemira/santa-clara-a-velha with 0 pages
2025-04-18 22:13:15,889 - INFO - [graphql_main.py:62] - fetch_district_data() - Successfully processed ID aveiro/aveiro/sao-bernardo with 1 pages
2025-04-18 22:13:15,910 - INFO - [graphql_main.py:62] - fetch_district_data() - Successfully processed ID braganca/carrazeda-de-ansiaes/parambos with 0 pages
2025-04-18 22:13:16,519 - INFO - [graphql_main.py:62] - fetch_district_data() - Successfully processed ID braga/barcelos/pereira with 0 pages
2025-04-18 22:13:16,903 - INFO - [graphql_main.py:62] - fetch_district_data() - Successfully processed ID beja/odemira/sao-luis with 0 pages
2025-04-18 22:13:18,178 - INFO - [graphql_main.py:62] - fetch_district_data() - Successfully processed ID aveiro/aveiro/sao-jacinto with 0 pages
2025-04-18 22:13:18,207 - INFO - [graphql_main.py:62] - fetch_district_data() - Successfully processed ID braganca/carrazeda-de-ansiaes/pereiros with 0 pages
2025-04-18 22:13:18,776 - INFO - [graphql_main.py:62] - fetch_district_data() - Successfully processed ID braga/barcelos/perelhal with 0 pages
2025-04-18 22:13:19,210 - INFO - [graphql_main.py:62] - fetch_district_data() - Successfully processed ID beja/odemira/sao-martinho-das-amoreiras with 0 pages
2025-04-18 22:13:20,520 - INFO - [graphql_main.py:62] - fetch_district_data() - Successfully processed ID braganca/carrazeda-de-ansiaes/pinhal-do-norte with 0 pages
2025-04-18 22:13:20,590 - INFO - [graphql_main.py:62] - fetch_district_data() - Successfully processed ID aveiro/castelo-de-paiva with 0 pages
2025-04-18 22:13:21,129 - INFO - [graphql_main.py:62] - fetch_district_data() - Successfully processed ID braga/barcelos/pousa with 0 pages
2025-04-18 22:13:21,561 - INFO - [graphql_main.py:62] - fetch_district_data() - Successfully processed ID beja/odemira/sao-salvador-e-santa-maria with 0 pages
2025-04-18 22:13:22,838 - INFO - [graphql_main.py:62] - fetch_district_data() - Successfully processed ID braganca/carrazeda-de-ansiaes/pombal with 0 pages
2025-04-18 22:13:22,901 - INFO - [graphql_main.py:62] - fetch_district_data() - Successfully processed ID aveiro/castelo-de-paiva/fornos with 0 pages
2025-04-18 22:13:23,445 - INFO - [graphql_main.py:62] - fetch_district_data() - Successfully processed ID braga/barcelos/quintiaes-e-aguiar with 1 pages
2025-04-18 22:13:23,926 - INFO - [graphql_main.py:62] - fetch_district_data() - Successfully processed ID beja/odemira/sao-teotonio with 0 pages
2025-04-18 22:13:25,177 - INFO - [graphql_main.py:62] - fetch_district_data() - Successfully processed ID braganca/carrazeda-de-ansiaes/seixo-de-ansiaes with 0 pages
2025-04-18 22:13:25,233 - INFO - [graphql_main.py:62] - fetch_district_data() - Successfully processed ID aveiro/castelo-de-paiva/raiva-pedorido-e-paraiso with 0 pages
2025-04-18 22:13:25,760 - INFO - [graphql_main.py:62] - fetch_district_data() - Successfully processed ID braga/barcelos/remelhe with 0 pages
2025-04-18 22:13:26,261 - INFO - [graphql_main.py:62] - fetch_district_data() - Successfully processed ID beja/odemira/vale-de-santiago with 0 pages
2025-04-18 22:13:27,513 - INFO - [graphql_main.py:62] - fetch_district_data() - Successfully processed ID braganca/carrazeda-de-ansiaes/vilarinho-da-castanheira with 0 pages
2025-04-18 22:13:27,581 - INFO - [graphql_main.py:62] - fetch_district_data() - Successfully processed ID aveiro/castelo-de-paiva/real with 0 pages
2025-04-18 22:13:28,093 - INFO - [graphql_main.py:62] - fetch_district_data() - Successfully processed ID braga/barcelos/rio-covo-santa-eugenia- with 0 pages
2025-04-18 22:13:28,576 - INFO - [graphql_main.py:62] - fetch_district_data() - Successfully processed ID beja/odemira/vila-nova-de-milfontes with 1 pages
2025-04-18 22:13:29,877 - INFO - [graphql_main.py:62] - fetch_district_data() - Successfully processed ID braganca/freixo-de-espada-a-cinta with 0 pages
2025-04-18 22:13:29,879 - INFO - [graphql_main.py:62] - fetch_district_data() - Successfully processed ID aveiro/castelo-de-paiva/santa-maria-de-sardoura with 0 pages
2025-04-18 22:13:30,439 - INFO - [graphql_main.py:62] - fetch_district_data() - Successfully processed ID braga/barcelos/roriz with 0 pages
2025-04-18 22:13:30,956 - INFO - [graphql_main.py:62] - fetch_district_data() - Successfully processed ID beja/ourique with 0 pages
2025-04-18 22:13:32,225 - INFO - [graphql_main.py:62] - fetch_district_data() - Successfully processed ID aveiro/castelo-de-paiva/sao-martinho-de-sardoura with 0 pages
2025-04-18 22:13:32,255 - INFO - [graphql_main.py:62] - fetch_district_data() - Successfully processed ID braganca/freixo-de-espada-a-cinta/freixo-de-espada-a-cinta-e-mazouco with 0 pages
2025-04-18 22:13:32,752 - INFO - [graphql_main.py:62] - fetch_district_data() - Successfully processed ID braga/barcelos/sequeade-e-bastuco-sao-joao-e-santo-estevao- with 0 pages
2025-04-18 22:13:33,302 - INFO - [graphql_main.py:62] - fetch_district_data() - Successfully processed ID beja/ourique/garvao-e-santa-luzia with 0 pages
2025-04-18 22:13:34,607 - INFO - [graphql_main.py:62] - fetch_district_data() - Successfully processed ID braganca/freixo-de-espada-a-cinta/lagoaca-e-fornos with 0 pages
2025-04-18 22:13:34,625 - INFO - [graphql_main.py:62] - fetch_district_data() - Successfully processed ID aveiro/castelo-de-paiva/sobrado-e-bairros with 0 pages
2025-04-18 22:13:35,095 - INFO - [graphql_main.py:62] - fetch_district_data() - Successfully processed ID braga/barcelos/silva with 0 pages
2025-04-18 22:13:35,656 - INFO - [graphql_main.py:62] - fetch_district_data() - Successfully processed ID beja/ourique/ourique with 0 pages
2025-04-18 22:13:36,953 - INFO - [graphql_main.py:62] - fetch_district_data() - Successfully processed ID braganca/freixo-de-espada-a-cinta/ligares with 0 pages
2025-04-18 22:13:37,369 - INFO - [graphql_main.py:62] - fetch_district_data() - Successfully processed ID braga/barcelos/silveiros-e-rio-covo-santa-eulalia- with 0 pages
2025-04-18 22:13:37,958 - INFO - [graphql_main.py:62] - fetch_district_data() - Successfully processed ID beja/ourique/panoias-e-conceicao with 0 pages
2025-04-18 22:13:39,222 - INFO - [graphql_main.py:62] - fetch_district_data() - Successfully processed ID aveiro/espinho with 2 pages
2025-04-18 22:13:39,241 - INFO - [graphql_main.py:62] - fetch_district_data() - Successfully processed ID braganca/freixo-de-espada-a-cinta/poiares with 0 pages
2025-04-18 22:13:39,684 - INFO - [graphql_main.py:62] - fetch_district_data() - Successfully processed ID braga/barcelos/tamel-santa-leocadia-e-vilar-do-monte with 0 pages
2025-04-18 22:13:40,227 - INFO - [graphql_main.py:62] - fetch_district_data() - Successfully processed ID beja/ourique/santana-da-serra with 0 pages
2025-04-18 22:13:41,503 - INFO - [graphql_main.py:62] - fetch_district_data() - Successfully processed ID aveiro/espinho/anta-e-guetim with 1 pages
2025-04-18 22:13:41,601 - INFO - [graphql_main.py:62] - fetch_district_data() - Successfully processed ID braganca/macedo-de-cavaleiros with 1 pages
2025-04-18 22:13:41,947 - INFO - [graphql_main.py:62] - fetch_district_data() - Successfully processed ID braga/barcelos/tamel-sao-verissimo- with 0 pages
2025-04-18 22:13:42,574 - INFO - [graphql_main.py:62] - fetch_district_data() - Successfully processed ID beja/serpa with 0 pages
2025-04-18 22:13:43,810 - INFO - [graphql_main.py:62] - fetch_district_data() - Successfully processed ID aveiro/espinho/espinho with 1 pages
2025-04-18 22:13:43,859 - INFO - [graphql_main.py:62] - fetch_district_data() - Successfully processed ID braganca/macedo-de-cavaleiros/ala-e-vilarinho-do-monte with 0 pages
2025-04-18 22:13:44,309 - INFO - [graphql_main.py:62] - fetch_district_data() - Successfully processed ID braga/barcelos/ucha with 0 pages
2025-04-18 22:13:44,885 - INFO - [graphql_main.py:62] - fetch_district_data() - Successfully processed ID beja/serpa/brinches with 0 pages
2025-04-18 22:13:46,130 - INFO - [graphql_main.py:62] - fetch_district_data() - Successfully processed ID aveiro/espinho/paramos with 0 pages
2025-04-18 22:13:46,144 - INFO - [graphql_main.py:62] - fetch_district_data() - Successfully processed ID braganca/macedo-de-cavaleiros/amendoeira with 0 pages
2025-04-18 22:13:46,587 - INFO - [graphql_main.py:62] - fetch_district_data() - Successfully processed ID braga/barcelos/varzea with 0 pages
2025-04-18 22:13:47,228 - INFO - [graphql_main.py:62] - fetch_district_data() - Successfully processed ID beja/serpa/pias with 0 pages
2025-04-18 22:13:48,358 - INFO - [graphql_main.py:62] - fetch_district_data() - Successfully processed ID aveiro/espinho/silvalde with 0 pages
2025-04-18 22:13:48,493 - INFO - [graphql_main.py:62] - fetch_district_data() - Successfully processed ID braganca/macedo-de-cavaleiros/arcas with 0 pages
2025-04-18 22:13:48,972 - INFO - [graphql_main.py:62] - fetch_district_data() - Successfully processed ID braga/barcelos/viatodos-grimancelos-minhotaes-monte-de-fralaes with 0 pages
2025-04-18 22:13:49,541 - INFO - [graphql_main.py:62] - fetch_district_data() - Successfully processed ID beja/serpa/serpa-salvador-e-santa-maria- with 0 pages
2025-04-18 22:13:50,765 - INFO - [graphql_main.py:62] - fetch_district_data() - Successfully processed ID aveiro/estarreja with 1 pages
2025-04-18 22:13:50,806 - INFO - [graphql_main.py:62] - fetch_district_data() - Successfully processed ID braganca/macedo-de-cavaleiros/bornes-e-burga with 0 pages
2025-04-18 22:13:51,313 - INFO - [graphql_main.py:62] - fetch_district_data() - Successfully processed ID braga/barcelos/vila-cova-e-feitos with 0 pages
2025-04-18 22:13:51,881 - INFO - [graphql_main.py:62] - fetch_district_data() - Successfully processed ID beja/serpa/vila-nova-de-sao-bento-e-vale-de-vargo with 0 pages
2025-04-18 22:13:53,045 - INFO - [graphql_main.py:62] - fetch_district_data() - Successfully processed ID aveiro/estarreja/avanca with 1 pages
2025-04-18 22:13:53,126 - INFO - [graphql_main.py:62] - fetch_district_data() - Successfully processed ID braganca/macedo-de-cavaleiros/carrapatas with 0 pages
2025-04-18 22:13:53,575 - INFO - [graphql_main.py:62] - fetch_district_data() - Successfully processed ID braga/barcelos/vila-seca with 0 pages
2025-04-18 22:13:54,295 - INFO - [graphql_main.py:62] - fetch_district_data() - Successfully processed ID beja/serpa/vila-verde-de-ficalho with 0 pages
2025-04-18 22:13:55,419 - INFO - [graphql_main.py:62] - fetch_district_data() - Successfully processed ID braganca/macedo-de-cavaleiros/castelaos-e-vilar-do-monte with 0 pages
2025-04-18 22:13:55,422 - INFO - [graphql_main.py:62] - fetch_district_data() - Successfully processed ID aveiro/estarreja/beduido-e-veiros with 1 pages
2025-04-18 22:13:56,602 - INFO - [graphql_main.py:62] - fetch_district_data() - Successfully processed ID beja/vidigueira with 0 pages
2025-04-18 22:13:57,678 - INFO - [graphql_main.py:62] - fetch_district_data() - Successfully processed ID braganca/macedo-de-cavaleiros/chacim with 0 pages
2025-04-18 22:13:58,076 - INFO - [graphql_main.py:62] - fetch_district_data() - Successfully processed ID aveiro/estarreja/canelas-e-fermela with 0 pages
2025-04-18 22:13:58,882 - INFO - [graphql_main.py:62] - fetch_district_data() - Successfully processed ID beja/vidigueira/pedrogao with 0 pages
